<?xml version="1.0" encoding="UTF-8"?>
<!-- Generated by org.testng.reporters.JUnitReportReporter -->
<testsuite hostname="DESKTOP-M2MH32B" name="stepdefs.TestRunner" tests="2" failures="0" timestamp="10 Feb 2018 18:05:00 GMT" time="0.264" errors="0">
  <testcase name="feature" time="0.064" classname="stepdefs.TestRunner"/>
  <testcase name="feature" time="0.200" classname="stepdefs.TestRunner"/>
</testsuite> <!-- stepdefs.TestRunner -->
